This is pdfTeX, Version 3.1415926-2.5-1.40.14 (MiKTeX 2.9 64-bit) (preloaded format=pdflatex 2016.10.24)  21 MAY 2018 16:18
entering extended mode
**RESTguide.tex

("D:\StatFiles\CenStat\R Development\GeneralGUI_Template\REST\vignettes\RESTgui
de.tex"
LaTeX2e <2014/05/01>
Babel <3.9l> and hyphenation patterns for 68 languages loaded.
("D:\Program Files\MiKTeX 2.9\tex\latex\base\article.cls"
Document Class: article 2007/10/19 v1.4h Standard LaTeX document class
("D:\Program Files\MiKTeX 2.9\tex\latex\base\size10.clo"
File: size10.clo 2007/10/19 v1.4h Standard LaTeX file (size option)
)
\c@part=\count79
\c@section=\count80
\c@subsection=\count81
\c@subsubsection=\count82
\c@paragraph=\count83
\c@subparagraph=\count84
\c@figure=\count85
\c@table=\count86
\abovecaptionskip=\skip41
\belowcaptionskip=\skip42
\bibindent=\dimen102
)
("D:\Program Files\MiKTeX 2.9\tex\latex\graphics\graphicx.sty"
Package: graphicx 2014/04/25 v1.0g Enhanced LaTeX Graphics (DPC,SPQR)

("D:\Program Files\MiKTeX 2.9\tex\latex\graphics\keyval.sty"
Package: keyval 2014/05/08 v1.15 key=value parser (DPC)
\KV@toks@=\toks14
)
("D:\Program Files\MiKTeX 2.9\tex\latex\graphics\graphics.sty"
Package: graphics 2009/02/05 v1.0o Standard LaTeX Graphics (DPC,SPQR)

("D:\Program Files\MiKTeX 2.9\tex\latex\graphics\trig.sty"
Package: trig 1999/03/16 v1.09 sin cos tan (DPC)
)
("D:\Program Files\MiKTeX 2.9\tex\latex\00miktex\graphics.cfg"
File: graphics.cfg 2007/01/18 v1.5 graphics configuration of teTeX/TeXLive
)
Package graphics Info: Driver file: pdftex.def on input line 91.

("D:\Program Files\MiKTeX 2.9\tex\latex\pdftex-def\pdftex.def"
File: pdftex.def 2011/05/27 v0.06d Graphics/color for pdfTeX

("D:\Program Files\MiKTeX 2.9\tex\generic\oberdiek\infwarerr.sty"
Package: infwarerr 2010/04/08 v1.3 Providing info/warning/error messages (HO)
)
("D:\Program Files\MiKTeX 2.9\tex\generic\oberdiek\ltxcmds.sty"
Package: ltxcmds 2011/11/09 v1.22 LaTeX kernel commands for general use (HO)
)
\Gread@gobject=\count87
))
\Gin@req@height=\dimen103
\Gin@req@width=\dimen104
)
("D:\Program Files\MiKTeX 2.9\tex\latex\graphics\color.sty"
Package: color 2014/04/23 v1.1a Standard LaTeX Color (DPC)

("D:\Program Files\MiKTeX 2.9\tex\latex\00miktex\color.cfg"
File: color.cfg 2007/01/18 v1.5 color configuration of teTeX/TeXLive
)
Package color Info: Driver file: pdftex.def on input line 137.
)
("D:\Program Files\MiKTeX 2.9\tex\latex\framed\framed.sty"
Package: framed 2011/10/22 v 0.96: framed or shaded text with page breaks
\OuterFrameSep=\skip43
\fb@frw=\dimen105
\fb@frh=\dimen106
\FrameRule=\dimen107
\FrameSep=\dimen108
)
("D:\Program Files\MiKTeX 2.9\tex\latex\base\alltt.sty"
Package: alltt 1997/06/16 v2.0g defines alltt environment
)
("D:\Program Files\MiKTeX 2.9\tex\latex\geometry\geometry.sty"
Package: geometry 2010/09/12 v5.6 Page Geometry

("D:\Program Files\MiKTeX 2.9\tex\generic\oberdiek\ifpdf.sty"
Package: ifpdf 2011/01/30 v2.3 Provides the ifpdf switch (HO)
Package ifpdf Info: pdfTeX in PDF mode is detected.
)
("D:\Program Files\MiKTeX 2.9\tex\generic\oberdiek\ifvtex.sty"
Package: ifvtex 2010/03/01 v1.5 Detect VTeX and its facilities (HO)
Package ifvtex Info: VTeX not detected.
)
("D:\Program Files\MiKTeX 2.9\tex\generic\ifxetex\ifxetex.sty"
Package: ifxetex 2010/09/12 v0.6 Provides ifxetex conditional
)
\Gm@cnth=\count88
\Gm@cntv=\count89
\c@Gm@tempcnt=\count90
\Gm@bindingoffset=\dimen109
\Gm@wd@mp=\dimen110
\Gm@odd@mp=\dimen111
\Gm@even@mp=\dimen112
\Gm@layoutwidth=\dimen113
\Gm@layoutheight=\dimen114
\Gm@layouthoffset=\dimen115
\Gm@layoutvoffset=\dimen116
\Gm@dimlist=\toks15

("D:\Program Files\MiKTeX 2.9\tex\latex\geometry\geometry.cfg"))
("D:\Program Files\MiKTeX 2.9\tex\latex\amsmath\amsmath.sty"
Package: amsmath 2013/01/14 v2.14 AMS math features
\@mathmargin=\skip44

For additional information on amsmath, use the `?' option.
("D:\Program Files\MiKTeX 2.9\tex\latex\amsmath\amstext.sty"
Package: amstext 2000/06/29 v2.01

("D:\Program Files\MiKTeX 2.9\tex\latex\amsmath\amsgen.sty"
File: amsgen.sty 1999/11/30 v2.0
\@emptytoks=\toks16
\ex@=\dimen117
))
("D:\Program Files\MiKTeX 2.9\tex\latex\amsmath\amsbsy.sty"
Package: amsbsy 1999/11/29 v1.2d
\pmbraise@=\dimen118
)
("D:\Program Files\MiKTeX 2.9\tex\latex\amsmath\amsopn.sty"
Package: amsopn 1999/12/14 v2.01 operator names
)
\inf@bad=\count91
LaTeX Info: Redefining \frac on input line 210.
\uproot@=\count92
\leftroot@=\count93
LaTeX Info: Redefining \overline on input line 306.
\classnum@=\count94
\DOTSCASE@=\count95
LaTeX Info: Redefining \ldots on input line 378.
LaTeX Info: Redefining \dots on input line 381.
LaTeX Info: Redefining \cdots on input line 466.
\Mathstrutbox@=\box26
\strutbox@=\box27
\big@size=\dimen119
LaTeX Font Info:    Redeclaring font encoding OML on input line 566.
LaTeX Font Info:    Redeclaring font encoding OMS on input line 567.
\macc@depth=\count96
\c@MaxMatrixCols=\count97
\dotsspace@=\muskip10
\c@parentequation=\count98
\dspbrk@lvl=\count99
\tag@help=\toks17
\row@=\count100
\column@=\count101
\maxfields@=\count102
\andhelp@=\toks18
\eqnshift@=\dimen120
\alignsep@=\dimen121
\tagshift@=\dimen122
\tagwidth@=\dimen123
\totwidth@=\dimen124
\lineht@=\dimen125
\@envbody=\toks19
\multlinegap=\skip45
\multlinetaggap=\skip46
\mathdisplay@stack=\toks20
LaTeX Info: Redefining \[ on input line 2665.
LaTeX Info: Redefining \] on input line 2666.
)
("D:\Program Files\MiKTeX 2.9\tex\latex\amsfonts\amssymb.sty"
Package: amssymb 2013/01/14 v3.01 AMS font symbols

("D:\Program Files\MiKTeX 2.9\tex\latex\amsfonts\amsfonts.sty"
Package: amsfonts 2013/01/14 v3.01 Basic AMSFonts support
\symAMSa=\mathgroup4
\symAMSb=\mathgroup5
LaTeX Font Info:    Overwriting math alphabet `\mathfrak' in version `bold'
(Font)                  U/euf/m/n --> U/euf/b/n on input line 106.
))
("D:\Program Files\MiKTeX 2.9\tex\latex\setspace\setspace.sty"
Package: setspace 2011/12/19 v6.7a set line spacing
)
("D:\Program Files\MiKTeX 2.9\tex\latex\multirow\multirow.sty"
\bigstrutjot=\dimen126
)
("D:\Program Files\MiKTeX 2.9\tex\latex\float\float.sty"
Package: float 2001/11/08 v1.3d Float enhancements (AL)
\c@float@type=\count103
\float@exts=\toks21
\float@box=\box28
\@float@everytoks=\toks22
\@floatcapt=\box29
)
("D:\Program Files\MiKTeX 2.9\tex\latex\babel\babel.sty"
Package: babel 2014/09/25 3.9l The Babel package

*************************************
* Local config file bblopts.cfg used
*
("D:\Program Files\MiKTeX 2.9\tex\latex\00miktex\bblopts.cfg"
File: bblopts.cfg 2006/07/31 v1.0 MiKTeX 'babel' configuration
)
("D:\Program Files\MiKTeX 2.9\tex\latex\babel-english\english.ldf"
Language: english 2012/08/20 v3.3p English support from the babel system

("D:\Program Files\MiKTeX 2.9\tex\latex\babel\babel.def"
File: babel.def 2014/09/25 3.9l Babel common definitions
\babel@savecnt=\count104
\U@D=\dimen127
)
\l@canadian = a dialect from \language\l@american 
\l@australian = a dialect from \language\l@british 
\l@newzealand = a dialect from \language\l@british 
))
("D:\Program Files\MiKTeX 2.9\tex\latex\natbib\natbib.sty"
Package: natbib 2010/09/13 8.31b (PWD, AO)
\bibhang=\skip47
\bibsep=\skip48
LaTeX Info: Redefining \cite on input line 694.
\c@NAT@ctr=\count105
)
("D:\Program Files\MiKTeX 2.9\tex\latex\hyperref\hyperref.sty"
Package: hyperref 2012/11/06 v6.83m Hypertext links for LaTeX

("D:\Program Files\MiKTeX 2.9\tex\generic\oberdiek\hobsub-hyperref.sty"
Package: hobsub-hyperref 2012/04/25 v1.12 Bundle oberdiek, subset hyperref (HO)


("D:\Program Files\MiKTeX 2.9\tex\generic\oberdiek\hobsub-generic.sty"
Package: hobsub-generic 2012/04/25 v1.12 Bundle oberdiek, subset generic (HO)
Package: hobsub 2012/04/25 v1.12 Construct package bundles (HO)
Package hobsub Info: Skipping package `infwarerr' (already loaded).
Package hobsub Info: Skipping package `ltxcmds' (already loaded).
Package: ifluatex 2010/03/01 v1.3 Provides the ifluatex switch (HO)
Package ifluatex Info: LuaTeX not detected.
Package hobsub Info: Skipping package `ifvtex' (already loaded).
Package: intcalc 2007/09/27 v1.1 Expandable calculations with integers (HO)
Package hobsub Info: Skipping package `ifpdf' (already loaded).
Package: etexcmds 2011/02/16 v1.5 Avoid name clashes with e-TeX commands (HO)
Package etexcmds Info: Could not find \expanded.
(etexcmds)             That can mean that you are not using pdfTeX 1.50 or
(etexcmds)             that some package has redefined \expanded.
(etexcmds)             In the latter case, load this package earlier.
Package: kvsetkeys 2012/04/25 v1.16 Key value parser (HO)
Package: kvdefinekeys 2011/04/07 v1.3 Define keys (HO)
Package: pdftexcmds 2011/11/29 v0.20 Utility functions of pdfTeX for LuaTeX (HO
)
Package pdftexcmds Info: LuaTeX not detected.
Package pdftexcmds Info: \pdf@primitive is available.
Package pdftexcmds Info: \pdf@ifprimitive is available.
Package pdftexcmds Info: \pdfdraftmode found.
Package: pdfescape 2011/11/25 v1.13 Implements pdfTeX's escape features (HO)
Package: bigintcalc 2012/04/08 v1.3 Expandable calculations on big integers (HO
)
Package: bitset 2011/01/30 v1.1 Handle bit-vector datatype (HO)
Package: uniquecounter 2011/01/30 v1.2 Provide unlimited unique counter (HO)
)
Package hobsub Info: Skipping package `hobsub' (already loaded).
Package: letltxmacro 2010/09/02 v1.4 Let assignment for LaTeX macros (HO)
Package: hopatch 2011/06/24 v1.1 Wrapper for package hooks (HO)
Package: xcolor-patch 2011/01/30 xcolor patch
Package: atveryend 2011/06/30 v1.8 Hooks at the very end of document (HO)
Package atveryend Info: \enddocument detected (standard20110627).
Package: atbegshi 2011/10/05 v1.16 At begin shipout hook (HO)
Package: refcount 2011/10/16 v3.4 Data extraction from label references (HO)
Package: hycolor 2011/01/30 v1.7 Color options for hyperref/bookmark (HO)
)
("D:\Program Files\MiKTeX 2.9\tex\latex\oberdiek\auxhook.sty"
Package: auxhook 2011/03/04 v1.3 Hooks for auxiliary files (HO)
)
("D:\Program Files\MiKTeX 2.9\tex\latex\oberdiek\kvoptions.sty"
Package: kvoptions 2011/06/30 v3.11 Key value format for package options (HO)
)
\@linkdim=\dimen128
\Hy@linkcounter=\count106
\Hy@pagecounter=\count107

("D:\Program Files\MiKTeX 2.9\tex\latex\hyperref\pd1enc.def"
File: pd1enc.def 2012/11/06 v6.83m Hyperref: PDFDocEncoding definition (HO)
)
\Hy@SavedSpaceFactor=\count108

("D:\Program Files\MiKTeX 2.9\tex\latex\00miktex\hyperref.cfg"
File: hyperref.cfg 2002/06/06 v1.2 hyperref configuration of TeXLive
)
Package hyperref Info: Hyper figures OFF on input line 4443.
Package hyperref Info: Link nesting OFF on input line 4448.
Package hyperref Info: Hyper index ON on input line 4451.
Package hyperref Info: Plain pages OFF on input line 4458.
Package hyperref Info: Backreferencing OFF on input line 4463.
Package hyperref Info: Implicit mode ON; LaTeX internals redefined.
Package hyperref Info: Bookmarks ON on input line 4688.
\c@Hy@tempcnt=\count109

("D:\Program Files\MiKTeX 2.9\tex\latex\url\url.sty"
\Urlmuskip=\muskip11
Package: url 2013/09/16  ver 3.4  Verb mode for urls, etc.
)
LaTeX Info: Redefining \url on input line 5041.
\XeTeXLinkMargin=\dimen129
\Fld@menulength=\count110
\Field@Width=\dimen130
\Fld@charsize=\dimen131
Package hyperref Info: Hyper figures OFF on input line 6295.
Package hyperref Info: Link nesting OFF on input line 6300.
Package hyperref Info: Hyper index ON on input line 6303.
Package hyperref Info: backreferencing OFF on input line 6310.
Package hyperref Info: Link coloring OFF on input line 6315.
Package hyperref Info: Link coloring with OCG OFF on input line 6320.
Package hyperref Info: PDF/A mode OFF on input line 6325.
LaTeX Info: Redefining \ref on input line 6365.
LaTeX Info: Redefining \pageref on input line 6369.
\Hy@abspage=\count111
\c@Item=\count112
\c@Hfootnote=\count113
)

Package hyperref Message: Driver (autodetected): hpdftex.

("D:\Program Files\MiKTeX 2.9\tex\latex\hyperref\hpdftex.def"
File: hpdftex.def 2012/11/06 v6.83m Hyperref driver for pdfTeX
\Fld@listcount=\count114
\c@bookmark@seq@number=\count115

("D:\Program Files\MiKTeX 2.9\tex\latex\oberdiek\rerunfilecheck.sty"
Package: rerunfilecheck 2011/04/15 v1.7 Rerun checks for auxiliary files (HO)
Package uniquecounter Info: New unique counter `rerunfilecheck' on input line 2
82.
)
\Hy@SectionHShift=\skip49
)
Package hyperref Info: Option `colorlinks' set `true' on input line 74.

("D:\Program Files\MiKTeX 2.9\tex\latex\upquote\upquote.sty"
Package: upquote 2012/04/19 v1.3 upright-quote and grave-accent glyphs in verba
tim
)
("D:\StatFiles\CenStat\R Development\GeneralGUI_Template\REST\vignettes\RESTgui
de.aux"

LaTeX Warning: Label `radiobuttons' multiply defined.

)
LaTeX Font Info:    Checking defaults for OML/cmm/m/it on input line 81.
LaTeX Font Info:    ... okay on input line 81.
LaTeX Font Info:    Checking defaults for T1/cmr/m/n on input line 81.
LaTeX Font Info:    ... okay on input line 81.
LaTeX Font Info:    Checking defaults for OT1/cmr/m/n on input line 81.
LaTeX Font Info:    ... okay on input line 81.
LaTeX Font Info:    Checking defaults for OMS/cmsy/m/n on input line 81.
LaTeX Font Info:    ... okay on input line 81.
LaTeX Font Info:    Checking defaults for OMX/cmex/m/n on input line 81.
LaTeX Font Info:    ... okay on input line 81.
LaTeX Font Info:    Checking defaults for U/cmr/m/n on input line 81.
LaTeX Font Info:    ... okay on input line 81.
LaTeX Font Info:    Checking defaults for PD1/pdf/m/n on input line 81.
LaTeX Font Info:    ... okay on input line 81.
 ("D:\Program Files\MiKTeX 2.9\tex\context\base\supp-pdf.mkii"
[Loading MPS to PDF converter (version 2006.09.02).]
\scratchcounter=\count116
\scratchdimen=\dimen132
\scratchbox=\box30
\nofMPsegments=\count117
\nofMParguments=\count118
\everyMPshowfont=\toks23
\MPscratchCnt=\count119
\MPscratchDim=\dimen133
\MPnumerator=\count120
\makeMPintoPDFobject=\count121
\everyMPtoPDFconversion=\toks24
)
*geometry* driver: auto-detecting
*geometry* detected driver: pdftex
*geometry* verbose mode - [ preamble ] result:
* driver: pdftex
* paper: a4paper
* layout: <same size as paper>
* layoutoffset:(h,v)=(0.0pt,0.0pt)
* modes: 
* h-part:(L,W,R)=(56.9055pt, 483.69687pt, 56.9055pt)
* v-part:(T,H,B)=(56.9055pt, 731.23584pt, 56.9055pt)
* \paperwidth=597.50787pt
* \paperheight=845.04684pt
* \textwidth=483.69687pt
* \textheight=731.23584pt
* \oddsidemargin=-15.36449pt
* \evensidemargin=-15.36449pt
* \topmargin=-52.36449pt
* \headheight=12.0pt
* \headsep=25.0pt
* \topskip=10.0pt
* \footskip=30.0pt
* \marginparwidth=57.0pt
* \marginparsep=11.0pt
* \columnsep=10.0pt
* \skip\footins=9.0pt plus 4.0pt minus 2.0pt
* \hoffset=0.0pt
* \voffset=0.0pt
* \mag=1000
* \@twocolumnfalse
* \@twosidefalse
* \@mparswitchfalse
* \@reversemarginfalse
* (1in=72.27pt=25.4mm, 1cm=28.453pt)

\AtBeginShipoutBox=\box31
Package hyperref Info: Link coloring ON on input line 81.
("D:\Program Files\MiKTeX 2.9\tex\latex\hyperref\nameref.sty"
Package: nameref 2012/10/27 v2.43 Cross-referencing by name of section

("D:\Program Files\MiKTeX 2.9\tex\generic\oberdiek\gettitlestring.sty"
Package: gettitlestring 2010/12/03 v1.4 Cleanup title references (HO)
)
\c@section@level=\count122
)
LaTeX Info: Redefining \ref on input line 81.
LaTeX Info: Redefining \pageref on input line 81.
LaTeX Info: Redefining \nameref on input line 81.

("D:\StatFiles\CenStat\R Development\GeneralGUI_Template\REST\vignettes\RESTgui
de.out")
("D:\StatFiles\CenStat\R Development\GeneralGUI_Template\REST\vignettes\RESTgui
de.out")
\@outlinefile=\write3
LaTeX Font Info:    Try loading font information for U+msa on input line 84.
 ("D:\Program Files\MiKTeX 2.9\tex\latex\amsfonts\umsa.fd"
File: umsa.fd 2013/01/14 v3.01 AMS symbols A
)
LaTeX Font Info:    Try loading font information for U+msb on input line 84.

("D:\Program Files\MiKTeX 2.9\tex\latex\amsfonts\umsb.fd"
File: umsb.fd 2013/01/14 v3.01 AMS symbols B
)
("D:\StatFiles\CenStat\R Development\GeneralGUI_Template\REST\vignettes\RESTgui
de.toc"
LaTeX Font Info:    Font shape `OT1/cmtt/bx/n' in size <10> not available
(Font)              Font shape `OT1/cmtt/m/n' tried instead on input line 5.
)
\tf@toc=\write4
 [1

{C:/ProgramData/MiKTeX/2.9/pdftex/config/pdftex.map}]
Underfull \hbox (badness 10000) in paragraph at lines 87--119

 []


Underfull \hbox (badness 10000) in paragraph at lines 87--119

 []


Underfull \hbox (badness 10000) in paragraph at lines 87--119

 []


Underfull \hbox (badness 10000) in paragraph at lines 122--147

 []


Underfull \hbox (badness 10000) in paragraph at lines 122--147

 []


Underfull \hbox (badness 10000) in paragraph at lines 122--147

 []

<figures/rcmdrwindow.png, id=156, 702.625pt x 844.15375pt>
File: figures/rcmdrwindow.png Graphic file (type png)

<use figures/rcmdrwindow.png>
Package pdftex.def Info: figures/rcmdrwindow.png used on input line 150.
(pdftex.def)             Requested size: 284.52756pt x 341.84175pt.
 [2]
Underfull \hbox (badness 10000) in paragraph at lines 156--179

 []

LaTeX Font Info:    Font shape `OT1/cmtt/bx/n' in size <14.4> not available
(Font)              Font shape `OT1/cmtt/m/n' tried instead on input line 180.

Underfull \hbox (badness 10000) in paragraph at lines 189--226

 []


Underfull \hbox (badness 10000) in paragraph at lines 189--226

 []

[3 <D:/StatFiles/CenStat/R Development/GeneralGUI_Template/REST/vignettes/figur
es/rcmdrwindow.png>]
<figures/examplemenus.png, id=185, 699.61375pt x 156.585pt>
File: figures/examplemenus.png Graphic file (type png)

<use figures/examplemenus.png>
Package pdftex.def Info: figures/examplemenus.png used on input line 251.
(pdftex.def)             Requested size: 341.43306pt x 76.4191pt.
LaTeX Font Info:    Font shape `OT1/cmtt/bx/n' in size <12> not available
(Font)              Font shape `OT1/cmtt/m/n' tried instead on input line 256.
 [4 <D:/StatFiles/CenStat/R Development/GeneralGUI_Template/REST/vignettes/figu
res/examplemenus.png>]
<figures/rcmdr_datainput.png, id=193, 699.61375pt x 250.9375pt>
File: figures/rcmdr_datainput.png Graphic file (type png)

<use figures/rcmdr_datainput.png>
Package pdftex.def Info: figures/rcmdr_datainput.png used on input line 277.
(pdftex.def)             Requested size: 256.0748pt x 91.84987pt.

<figures/rcmdr_activedataset.png, id=194, 461.725pt x 278.03876pt>
File: figures/rcmdr_activedataset.png Graphic file (type png)

<use figures/rcmdr_activedataset.png>
Package pdftex.def Info: figures/rcmdr_activedataset.png used on input line 282
.
(pdftex.def)             Requested size: 256.0748pt x 154.20302pt.
Package color Info: Redefining color shadecolor on input line 308.
 [5 <D:/StatFiles/CenStat/R Development/GeneralGUI_Template/REST/vignettes/figu
res/rcmdr_datainput.png> <D:/StatFiles/CenStat/R Development/GeneralGUI_Templat
e/REST/vignettes/figures/rcmdr_activedataset.png>]
LaTeX Font Info:    Try loading font information for OMS+cmtt on input line 310
.
 (D:/PROGRA~1/R/R-33~1.1/share/texmf/tex/latex\omscmtt.fd
File: omscmtt.fd 
)
LaTeX Font Info:    Font shape `OMS/cmtt/m/n' in size <10> not available
(Font)              Font shape `OMS/cmsy/m/n' tried instead on input line 310.

<figures/optionalgrid.png, id=208, 449.68pt x 209.78375pt>
File: figures/optionalgrid.png Graphic file (type png)

<use figures/optionalgrid.png>
Package pdftex.def Info: figures/optionalgrid.png used on input line 381.
(pdftex.def)             Requested size: 256.0748pt x 119.46913pt.
 [6]
<figures/3steps.png, id=217, 910.40125pt x 561.09625pt>
File: figures/3steps.png Graphic file (type png)

<use figures/3steps.png>
Package pdftex.def Info: figures/3steps.png used on input line 419.
(pdftex.def)             Requested size: 483.69687pt x 298.11589pt.
 [7 <D:/StatFiles/CenStat/R Development/GeneralGUI_Template/REST/vignettes/figu
res/optionalgrid.png>]
Package color Info: Redefining color shadecolor on input line 425.

Underfull \hbox (badness 10000) in paragraph at lines 448--457

 []

LaTeX Font Info:    Try loading font information for OMS+cmr on input line 458.

("D:\Program Files\MiKTeX 2.9\tex\latex\base\omscmr.fd"
File: omscmr.fd 1999/05/25 v2.5h Standard LaTeX font definitions
)
LaTeX Font Info:    Font shape `OMS/cmr/m/n' in size <10> not available
(Font)              Font shape `OMS/cmsy/m/n' tried instead on input line 458.
 [8 <D:/StatFiles/CenStat/R Development/GeneralGUI_Template/REST/vignettes/figu
res/3steps.png>]

LaTeX Warning: Reference `combine_rows' on page 9 undefined on input line 493.


Underfull \hbox (badness 10000) in paragraph at lines 466--502

 []


Underfull \hbox (badness 10000) in paragraph at lines 466--502

 []

<figures/combinerows_grid.png, id=233, 672.5125pt x 304.13625pt>
File: figures/combinerows_grid.png Graphic file (type png)

<use figures/combinerows_grid.png>
Package pdftex.def Info: figures/combinerows_grid.png used on input line 506.
(pdftex.def)             Requested size: 269.00023pt x 121.65233pt.
Package color Info: Redefining color shadecolor on input line 513.
 [9 <D:/StatFiles/CenStat/R Development/GeneralGUI_Template/REST/vignettes/figu
res/combinerows_grid.png>]
<figures/title_border.png, id=242, 451.6875pt x 180.675pt>
File: figures/title_border.png Graphic file (type png)

<use figures/title_border.png>
Package pdftex.def Info: figures/title_border.png used on input line 558.
(pdftex.def)             Requested size: 361.35048pt x 144.54018pt.

<figures/entryfields.png, id=243, 751.80875pt x 384.43625pt>
File: figures/entryfields.png Graphic file (type png)

<use figures/entryfields.png>
Package pdftex.def Info: figures/entryfields.png used on input line 572.
(pdftex.def)             Requested size: 375.90344pt x 192.21765pt.
 [10 <D:/StatFiles/CenStat/R Development/GeneralGUI_Template/REST/vignettes/fig
ures/title_border.png> <D:/StatFiles/CenStat/R Development/GeneralGUI_Template/
REST/vignettes/figures/entryfields.png>]
<figures/checkboxes.png, id=253, 678.535pt x 344.28625pt>
File: figures/checkboxes.png Graphic file (type png)

<use figures/checkboxes.png>
Package pdftex.def Info: figures/checkboxes.png used on input line 605.
(pdftex.def)             Requested size: 339.26666pt x 172.1427pt.

<figures/radiobuttons.png, id=254, 729.72626pt x 405.515pt>
File: figures/radiobuttons.png Graphic file (type png)

<use figures/radiobuttons.png>
Package pdftex.def Info: figures/radiobuttons.png used on input line 631.
(pdftex.def)             Requested size: 364.86224pt x 202.75699pt.
 [11 <D:/StatFiles/CenStat/R Development/GeneralGUI_Template/REST/vignettes/fig
ures/checkboxes.png>]
<figures/slider.png, id=261, 819.06pt x 412.54124pt>
File: figures/slider.png Graphic file (type png)
 <use figures/slider.png>
Package pdftex.def Info: figures/slider.png used on input line 665.
(pdftex.def)             Requested size: 409.52899pt x 206.27011pt.

[12 <D:/StatFiles/CenStat/R Development/GeneralGUI_Template/REST/vignettes/figu
res/radiobuttons.png> <D:/StatFiles/CenStat/R Development/GeneralGUI_Template/R
EST/vignettes/figures/slider.png>]
<figures/spinboxes.png, id=270, 715.67375pt x 413.545pt>
File: figures/spinboxes.png Graphic file (type png)

<use figures/spinboxes.png>
Package pdftex.def Info: figures/spinboxes.png used on input line 705.
(pdftex.def)             Requested size: 357.836pt x 206.77199pt.
 [13 <D:/StatFiles/CenStat/R Development/GeneralGUI_Template/REST/vignettes/fig
ures/spinboxes.png>]
<figures/listbox.png, id=278, 873.2625pt x 440.64626pt>
File: figures/listbox.png Graphic file (type png)

<use figures/listbox.png>
Package pdftex.def Info: figures/listbox.png used on input line 738.
(pdftex.def)             Requested size: 436.63017pt x 220.32259pt.

<figures/manualbutton.png, id=279, 741.77126pt x 516.93124pt>
File: figures/manualbutton.png Graphic file (type png)

<use figures/manualbutton.png>
Package pdftex.def Info: figures/manualbutton.png used on input line 783.
(pdftex.def)             Requested size: 370.88472pt x 258.46498pt.
 [14 <D:/StatFiles/CenStat/R Development/GeneralGUI_Template/REST/vignettes/fig
ures/listbox.png>] [15 <D:/StatFiles/CenStat/R Development/GeneralGUI_Template/
REST/vignettes/figures/manualbutton.png>]
<figures/manualbutton_showsave.png, id=296, 803.0pt x 156.585pt>
File: figures/manualbutton_showsave.png Graphic file (type png)

<use figures/manualbutton_showsave.png>
Package pdftex.def Info: figures/manualbutton_showsave.png used on input line 8
39.
(pdftex.def)             Requested size: 401.49902pt x 78.2923pt.
Package color Info: Redefining color shadecolor on input line 851.

<figures/plaidbuilding.png, id=298, 1380.15625pt x 1049.9225pt>
File: figures/plaidbuilding.png Graphic file (type png)

<use figures/plaidbuilding.png>
Package pdftex.def Info: figures/plaidbuilding.png used on input line 904.
(pdftex.def)             Requested size: 483.69687pt x 367.959pt.
 [16 <D:/StatFiles/CenStat/R Development/GeneralGUI_Template/REST/vignettes/fig
ures/manualbutton_showsave.png>]
Package color Info: Redefining color shadecolor on input line 914.
 [17 <D:/StatFiles/CenStat/R Development/GeneralGUI_Template/REST/vignettes/fig
ures/plaidbuilding.png>]
Underfull \hbox (badness 10000) in paragraph at lines 977--983

 []

Package color Info: Redefining color shadecolor on input line 1001.
<figures/doitandprint_example.png, id=312, 699.61375pt x 531.9875pt>
File: figures/doitandprint_example.png Graphic file (type png)

<use figures/doitandprint_example.png>
Package pdftex.def Info: figures/doitandprint_example.png used on input line 10
19.
(pdftex.def)             Requested size: 341.43306pt x 259.629pt.
 [18]
Underfull \hbox (badness 10000) in paragraph at lines 1025--1057

 []


Underfull \hbox (badness 10000) in paragraph at lines 1025--1057

 []


Underfull \hbox (badness 10000) in paragraph at lines 1025--1057

 []

[19 <D:/StatFiles/CenStat/R Development/GeneralGUI_Template/REST/vignettes/figu
res/doitandprint_example.png>]
Underfull \hbox (badness 10000) in paragraph at lines 1096--1100

 []


Underfull \hbox (badness 10000) in paragraph at lines 1105--1130

 []


Underfull \hbox (badness 10000) in paragraph at lines 1105--1130

 []

<figures/windowenvir_example.png, id=329, 1121.18875pt x 1042.89626pt>
File: figures/windowenvir_example.png Graphic file (type png)

<use figures/windowenvir_example.png>
Package pdftex.def Info: figures/windowenvir_example.png used on input line 113
4.
(pdftex.def)             Requested size: 483.69687pt x 449.9166pt.
 [20] [21 <D:/StatFiles/CenStat/R Development/GeneralGUI_Template/REST/vignette
s/figures/windowenvir_example.png>]
<figures/saveGUI.png, id=343, 846.16125pt x 565.11125pt>
File: figures/saveGUI.png Graphic file (type png)

<use figures/saveGUI.png>
Package pdftex.def Info: figures/saveGUI.png used on input line 1153.
(pdftex.def)             Requested size: 256.0748pt x 171.0178pt.

Underfull \hbox (badness 10000) in paragraph at lines 1146--1155

 []


Underfull \hbox (badness 10000) in paragraph at lines 1158--1161

 []

<figures/loadGUI.png, id=345, 846.16125pt x 516.93124pt>
File: figures/loadGUI.png Graphic file (type png)

<use figures/loadGUI.png>
Package pdftex.def Info: figures/loadGUI.png used on input line 1164.
(pdftex.def)             Requested size: 256.0748pt x 156.43726pt.
 [22 <D:/StatFiles/CenStat/R Development/GeneralGUI_Template/REST/vignettes/fig
ures/saveGUI.png> <D:/StatFiles/CenStat/R Development/GeneralGUI_Template/REST/
vignettes/figures/loadGUI.png>]
("D:\StatFiles\CenStat\R Development\GeneralGUI_Template\REST\vignettes\RESTgui
de.bbl") [23] [24] [25] [26] [27] [28] [29] [30] [31] [32] [33] [34]
Package atveryend Info: Empty hook `BeforeClearDocument' on input line 1872.
 [35]
Package atveryend Info: Empty hook `AfterLastShipout' on input line 1872.

("D:\StatFiles\CenStat\R Development\GeneralGUI_Template\REST\vignettes\RESTgui
de.aux")
Package atveryend Info: Executing hook `AtVeryEndDocument' on input line 1872.
Package atveryend Info: Executing hook `AtEndAfterFileList' on input line 1872.

Package rerunfilecheck Info: File `RESTguide.out' has not changed.
(rerunfilecheck)             Checksum: 7550F84605648DDE747BC14C6841D364;1839.


LaTeX Warning: There were undefined references.


LaTeX Warning: There were multiply-defined labels.

Package atveryend Info: Empty hook `AtVeryVeryEnd' on input line 1872.
 ) 
Here is how much of TeX's memory you used:
 7553 strings out of 493705
 108739 string characters out of 3144557
 211634 words of memory out of 3000000
 10629 multiletter control sequences out of 15000+200000
 12691 words of font info for 51 fonts, out of 3000000 for 9000
 1025 hyphenation exceptions out of 8191
 29i,8n,32p,326b,457s stack positions out of 5000i,500n,10000p,200000b,50000s
<D:/Program Files/MiKTeX 2.9/fonts/type1/public/amsfonts/cm/cmbx10.pfb><D:/Pr
ogram Files/MiKTeX 2.9/fonts/type1/public/amsfonts/cm/cmbx12.pfb><D:/Program Fi
les/MiKTeX 2.9/fonts/type1/public/amsfonts/cm/cmitt10.pfb><D:/Program Files/MiK
TeX 2.9/fonts/type1/public/amsfonts/cm/cmmi10.pfb><D:/Program Files/MiKTeX 2.9/
fonts/type1/public/amsfonts/cm/cmr10.pfb><D:/Program Files/MiKTeX 2.9/fonts/typ
e1/public/amsfonts/cm/cmr12.pfb><D:/Program Files/MiKTeX 2.9/fonts/type1/public
/amsfonts/cm/cmr17.pfb><D:/Program Files/MiKTeX 2.9/fonts/type1/public/amsfonts
/cm/cmsy10.pfb><D:/Program Files/MiKTeX 2.9/fonts/type1/public/amsfonts/cm/cmti
10.pfb><D:/Program Files/MiKTeX 2.9/fonts/type1/public/amsfonts/cm/cmtt10.pfb><
D:/Program Files/MiKTeX 2.9/fonts/type1/public/amsfonts/cm/cmtt12.pfb><D:/Progr
am Files/MiKTeX 2.9/fonts/type1/public/amsfonts/cm/cmtt8.pfb>
Output written on RESTguide.pdf (35 pages, 730917 bytes).
PDF statistics:
 475 PDF objects out of 1000 (max. 8388607)
 106 named destinations out of 1000 (max. 500000)
 322 words of extra memory for PDF output out of 10000 (max. 10000000)

